2013/06/24 13:18:09 [error] [php] include(Client.php): failed to open stream: No such file or directory (/var/www/yii-13/framework/YiiBase.php:421)
Stack trace:
#0 /var/www/epp_ragistrar/protected/views/site/index.php(8): spl_autoload_call()
#1 /var/www/yii-13/framework/web/CBaseController.php(126): require()
#2 /var/www/yii-13/framework/web/CBaseController.php(95): SiteController->renderInternal()
#3 /var/www/yii-13/framework/web/CController.php(869): SiteController->renderFile()
#4 /var/www/yii-13/framework/web/CController.php(782): SiteController->renderPartial()
#5 /var/www/epp_ragistrar/protected/controllers/SiteController.php(32): SiteController->render()
#6 /var/www/yii-13/framework/web/actions/CInlineAction.php(49): SiteController->actionIndex()
#7 /var/www/yii-13/framework/web/CController.php(308): CInlineAction->runWithParams()
#8 /var/www/yii-13/framework/web/CController.php(286): SiteController->runAction()
#9 /var/www/yii-13/framework/web/CController.php(265): SiteController->runActionWithFilters()
#10 /var/www/yii-13/framework/web/CWebApplication.php(282): SiteController->run()
#11 /var/www/yii-13/framework/web/CWebApplication.php(141): CWebApplication->runController()
#12 /var/www/yii-13/framework/base/CApplication.php(169): CWebApplication->processRequest()
#13 /var/www/epp_ragistrar/index.php(13): CWebApplication->run()
REQUEST_URI=/epp_ragistrar/index.php?r=site/index
in /var/www/epp_ragistrar/protected/views/site/index.php (8)
in /var/www/epp_ragistrar/protected/controllers/SiteController.php (32)
in /var/www/epp_ragistrar/index.php (13)
2013/06/24 13:19:26 [error] [php] include(Net_EPP_Client.php): failed to open stream: No such file or directory (/var/www/yii-13/framework/YiiBase.php:421)
Stack trace:
#0 /var/www/epp_ragistrar/protected/views/site/index.php(8): spl_autoload_call()
#1 /var/www/yii-13/framework/web/CBaseController.php(126): require()
#2 /var/www/yii-13/framework/web/CBaseController.php(95): SiteController->renderInternal()
#3 /var/www/yii-13/framework/web/CController.php(869): SiteController->renderFile()
#4 /var/www/yii-13/framework/web/CController.php(782): SiteController->renderPartial()
#5 /var/www/epp_ragistrar/protected/controllers/SiteController.php(32): SiteController->render()
#6 /var/www/yii-13/framework/web/actions/CInlineAction.php(49): SiteController->actionIndex()
#7 /var/www/yii-13/framework/web/CController.php(308): CInlineAction->runWithParams()
#8 /var/www/yii-13/framework/web/CController.php(286): SiteController->runAction()
#9 /var/www/yii-13/framework/web/CController.php(265): SiteController->runActionWithFilters()
#10 /var/www/yii-13/framework/web/CWebApplication.php(282): SiteController->run()
#11 /var/www/yii-13/framework/web/CWebApplication.php(141): CWebApplication->runController()
#12 /var/www/yii-13/framework/base/CApplication.php(169): CWebApplication->processRequest()
#13 /var/www/epp_ragistrar/index.php(13): CWebApplication->run()
REQUEST_URI=/epp_ragistrar/index.php?r=site/index
in /var/www/epp_ragistrar/protected/views/site/index.php (8)
in /var/www/epp_ragistrar/protected/controllers/SiteController.php (32)
in /var/www/epp_ragistrar/index.php (13)
2013/06/24 13:19:32 [error] [php] include(Net_EPP_Client.php): failed to open stream: No such file or directory (/var/www/yii-13/framework/YiiBase.php:421)
Stack trace:
#0 /var/www/epp_ragistrar/protected/views/site/index.php(8): spl_autoload_call()
#1 /var/www/yii-13/framework/web/CBaseController.php(126): require()
#2 /var/www/yii-13/framework/web/CBaseController.php(95): SiteController->renderInternal()
#3 /var/www/yii-13/framework/web/CController.php(869): SiteController->renderFile()
#4 /var/www/yii-13/framework/web/CController.php(782): SiteController->renderPartial()
#5 /var/www/epp_ragistrar/protected/controllers/SiteController.php(32): SiteController->render()
#6 /var/www/yii-13/framework/web/actions/CInlineAction.php(49): SiteController->actionIndex()
#7 /var/www/yii-13/framework/web/CController.php(308): CInlineAction->runWithParams()
#8 /var/www/yii-13/framework/web/CController.php(286): SiteController->runAction()
#9 /var/www/yii-13/framework/web/CController.php(265): SiteController->runActionWithFilters()
#10 /var/www/yii-13/framework/web/CWebApplication.php(282): SiteController->run()
#11 /var/www/yii-13/framework/web/CWebApplication.php(141): CWebApplication->runController()
#12 /var/www/yii-13/framework/base/CApplication.php(169): CWebApplication->processRequest()
#13 /var/www/epp_ragistrar/index.php(13): CWebApplication->run()
REQUEST_URI=/epp_ragistrar/index.php?r=site/index
in /var/www/epp_ragistrar/protected/views/site/index.php (8)
in /var/www/epp_ragistrar/protected/controllers/SiteController.php (32)
in /var/www/epp_ragistrar/index.php (13)
2013/06/24 13:20:31 [error] [php] include(Net.php): failed to open stream: No such file or directory (/var/www/yii-13/framework/YiiBase.php:421)
Stack trace:
#0 /var/www/epp_ragistrar/protected/views/site/index.php(8): spl_autoload_call()
#1 /var/www/yii-13/framework/web/CBaseController.php(126): require()
#2 /var/www/yii-13/framework/web/CBaseController.php(95): SiteController->renderInternal()
#3 /var/www/yii-13/framework/web/CController.php(869): SiteController->renderFile()
#4 /var/www/yii-13/framework/web/CController.php(782): SiteController->renderPartial()
#5 /var/www/epp_ragistrar/protected/controllers/SiteController.php(32): SiteController->render()
#6 /var/www/yii-13/framework/web/actions/CInlineAction.php(49): SiteController->actionIndex()
#7 /var/www/yii-13/framework/web/CController.php(308): CInlineAction->runWithParams()
#8 /var/www/yii-13/framework/web/CController.php(286): SiteController->runAction()
#9 /var/www/yii-13/framework/web/CController.php(265): SiteController->runActionWithFilters()
#10 /var/www/yii-13/framework/web/CWebApplication.php(282): SiteController->run()
#11 /var/www/yii-13/framework/web/CWebApplication.php(141): CWebApplication->runController()
#12 /var/www/yii-13/framework/base/CApplication.php(169): CWebApplication->processRequest()
#13 /var/www/epp_ragistrar/index.php(13): CWebApplication->run()
REQUEST_URI=/epp_ragistrar/index.php?r=site/index
in /var/www/epp_ragistrar/protected/views/site/index.php (8)
in /var/www/epp_ragistrar/protected/controllers/SiteController.php (32)
in /var/www/epp_ragistrar/index.php (13)
2013/06/24 13:20:32 [error] [php] include(Net.php): failed to open stream: No such file or directory (/var/www/yii-13/framework/YiiBase.php:421)
Stack trace:
#0 /var/www/epp_ragistrar/protected/views/site/index.php(8): spl_autoload_call()
#1 /var/www/yii-13/framework/web/CBaseController.php(126): require()
#2 /var/www/yii-13/framework/web/CBaseController.php(95): SiteController->renderInternal()
#3 /var/www/yii-13/framework/web/CController.php(869): SiteController->renderFile()
#4 /var/www/yii-13/framework/web/CController.php(782): SiteController->renderPartial()
#5 /var/www/epp_ragistrar/protected/controllers/SiteController.php(32): SiteController->render()
#6 /var/www/yii-13/framework/web/actions/CInlineAction.php(49): SiteController->actionIndex()
#7 /var/www/yii-13/framework/web/CController.php(308): CInlineAction->runWithParams()
#8 /var/www/yii-13/framework/web/CController.php(286): SiteController->runAction()
#9 /var/www/yii-13/framework/web/CController.php(265): SiteController->runActionWithFilters()
#10 /var/www/yii-13/framework/web/CWebApplication.php(282): SiteController->run()
#11 /var/www/yii-13/framework/web/CWebApplication.php(141): CWebApplication->runController()
#12 /var/www/yii-13/framework/base/CApplication.php(169): CWebApplication->processRequest()
#13 /var/www/epp_ragistrar/index.php(13): CWebApplication->run()
REQUEST_URI=/epp_ragistrar/index.php?r=site/index
in /var/www/epp_ragistrar/protected/views/site/index.php (8)
in /var/www/epp_ragistrar/protected/controllers/SiteController.php (32)
in /var/www/epp_ragistrar/index.php (13)
2013/06/24 13:20:48 [error] [php] include(Net_EPP_Client.php): failed to open stream: No such file or directory (/var/www/yii-13/framework/YiiBase.php:421)
Stack trace:
#0 /var/www/epp_ragistrar/protected/views/site/index.php(8): spl_autoload_call()
#1 /var/www/yii-13/framework/web/CBaseController.php(126): require()
#2 /var/www/yii-13/framework/web/CBaseController.php(95): SiteController->renderInternal()
#3 /var/www/yii-13/framework/web/CController.php(869): SiteController->renderFile()
#4 /var/www/yii-13/framework/web/CController.php(782): SiteController->renderPartial()
#5 /var/www/epp_ragistrar/protected/controllers/SiteController.php(32): SiteController->render()
#6 /var/www/yii-13/framework/web/actions/CInlineAction.php(49): SiteController->actionIndex()
#7 /var/www/yii-13/framework/web/CController.php(308): CInlineAction->runWithParams()
#8 /var/www/yii-13/framework/web/CController.php(286): SiteController->runAction()
#9 /var/www/yii-13/framework/web/CController.php(265): SiteController->runActionWithFilters()
#10 /var/www/yii-13/framework/web/CWebApplication.php(282): SiteController->run()
#11 /var/www/yii-13/framework/web/CWebApplication.php(141): CWebApplication->runController()
#12 /var/www/yii-13/framework/base/CApplication.php(169): CWebApplication->processRequest()
#13 /var/www/epp_ragistrar/index.php(13): CWebApplication->run()
REQUEST_URI=/epp_ragistrar/index.php?r=site/index
in /var/www/epp_ragistrar/protected/views/site/index.php (8)
in /var/www/epp_ragistrar/protected/controllers/SiteController.php (32)
in /var/www/epp_ragistrar/index.php (13)
2013/06/24 13:35:21 [error] [php] include(Net_EPP_Client.php): failed to open stream: No such file or directory (/var/www/yii-13/framework/YiiBase.php:421)
Stack trace:
#0 /var/www/epp_ragistrar/protected/views/site/index.php(8): spl_autoload_call()
#1 /var/www/yii-13/framework/web/CBaseController.php(126): require()
#2 /var/www/yii-13/framework/web/CBaseController.php(95): SiteController->renderInternal()
#3 /var/www/yii-13/framework/web/CController.php(869): SiteController->renderFile()
#4 /var/www/yii-13/framework/web/CController.php(782): SiteController->renderPartial()
#5 /var/www/epp_ragistrar/protected/controllers/SiteController.php(32): SiteController->render()
#6 /var/www/yii-13/framework/web/actions/CInlineAction.php(49): SiteController->actionIndex()
#7 /var/www/yii-13/framework/web/CController.php(308): CInlineAction->runWithParams()
#8 /var/www/yii-13/framework/web/CController.php(286): SiteController->runAction()
#9 /var/www/yii-13/framework/web/CController.php(265): SiteController->runActionWithFilters()
#10 /var/www/yii-13/framework/web/CWebApplication.php(282): SiteController->run()
#11 /var/www/yii-13/framework/web/CWebApplication.php(141): CWebApplication->runController()
#12 /var/www/yii-13/framework/base/CApplication.php(169): CWebApplication->processRequest()
#13 /var/www/epp_ragistrar/index.php(14): CWebApplication->run()
REQUEST_URI=/epp_ragistrar/index.php?r=site/index
in /var/www/epp_ragistrar/protected/views/site/index.php (8)
in /var/www/epp_ragistrar/protected/controllers/SiteController.php (32)
in /var/www/epp_ragistrar/index.php (14)
2013/06/24 13:36:56 [error] [php] include(Client.php): failed to open stream: No such file or directory (/var/www/yii-13/framework/YiiBase.php:421)
Stack trace:
#0 /var/www/epp_ragistrar/protected/views/site/index.php(8): spl_autoload_call()
#1 /var/www/yii-13/framework/web/CBaseController.php(126): require()
#2 /var/www/yii-13/framework/web/CBaseController.php(95): SiteController->renderInternal()
#3 /var/www/yii-13/framework/web/CController.php(869): SiteController->renderFile()
#4 /var/www/yii-13/framework/web/CController.php(782): SiteController->renderPartial()
#5 /var/www/epp_ragistrar/protected/controllers/SiteController.php(32): SiteController->render()
#6 /var/www/yii-13/framework/web/actions/CInlineAction.php(49): SiteController->actionIndex()
#7 /var/www/yii-13/framework/web/CController.php(308): CInlineAction->runWithParams()
#8 /var/www/yii-13/framework/web/CController.php(286): SiteController->runAction()
#9 /var/www/yii-13/framework/web/CController.php(265): SiteController->runActionWithFilters()
#10 /var/www/yii-13/framework/web/CWebApplication.php(282): SiteController->run()
#11 /var/www/yii-13/framework/web/CWebApplication.php(141): CWebApplication->runController()
#12 /var/www/yii-13/framework/base/CApplication.php(169): CWebApplication->processRequest()
#13 /var/www/epp_ragistrar/index.php(14): CWebApplication->run()
REQUEST_URI=/epp_ragistrar/index.php?r=site/index
in /var/www/epp_ragistrar/protected/views/site/index.php (8)
in /var/www/epp_ragistrar/protected/controllers/SiteController.php (32)
in /var/www/epp_ragistrar/index.php (14)
2013/06/24 13:44:12 [error] [php] include(Client.php): failed to open stream: No such file or directory (/var/www/yii-13/framework/YiiBase.php:421)
Stack trace:
#0 /var/www/epp_ragistrar/protected/views/site/index.php(9): spl_autoload_call()
#1 /var/www/yii-13/framework/web/CBaseController.php(126): require()
#2 /var/www/yii-13/framework/web/CBaseController.php(95): SiteController->renderInternal()
#3 /var/www/yii-13/framework/web/CController.php(869): SiteController->renderFile()
#4 /var/www/yii-13/framework/web/CController.php(782): SiteController->renderPartial()
#5 /var/www/epp_ragistrar/protected/controllers/SiteController.php(32): SiteController->render()
#6 /var/www/yii-13/framework/web/actions/CInlineAction.php(49): SiteController->actionIndex()
#7 /var/www/yii-13/framework/web/CController.php(308): CInlineAction->runWithParams()
#8 /var/www/yii-13/framework/web/CController.php(286): SiteController->runAction()
#9 /var/www/yii-13/framework/web/CController.php(265): SiteController->runActionWithFilters()
#10 /var/www/yii-13/framework/web/CWebApplication.php(282): SiteController->run()
#11 /var/www/yii-13/framework/web/CWebApplication.php(141): CWebApplication->runController()
#12 /var/www/yii-13/framework/base/CApplication.php(169): CWebApplication->processRequest()
#13 /var/www/epp_ragistrar/index.php(14): CWebApplication->run()
REQUEST_URI=/epp_ragistrar/index.php?r=site/index
in /var/www/epp_ragistrar/protected/views/site/index.php (9)
in /var/www/epp_ragistrar/protected/controllers/SiteController.php (32)
in /var/www/epp_ragistrar/index.php (14)
2013/06/24 13:52:57 [error] [php] include(/var/www/epp_ragistrar/protected/components/epp/EPP/Client.php): failed to open stream: No such file or directory (/var/www/yii-13/framework/YiiBase.php:427)
Stack trace:
#0 /var/www/epp_ragistrar/protected/views/site/index.php(9): spl_autoload_call()
#1 /var/www/yii-13/framework/web/CBaseController.php(126): require()
#2 /var/www/yii-13/framework/web/CBaseController.php(95): SiteController->renderInternal()
#3 /var/www/yii-13/framework/web/CController.php(869): SiteController->renderFile()
#4 /var/www/yii-13/framework/web/CController.php(782): SiteController->renderPartial()
#5 /var/www/epp_ragistrar/protected/controllers/SiteController.php(32): SiteController->render()
#6 /var/www/yii-13/framework/web/actions/CInlineAction.php(49): SiteController->actionIndex()
#7 /var/www/yii-13/framework/web/CController.php(308): CInlineAction->runWithParams()
#8 /var/www/yii-13/framework/web/CController.php(286): SiteController->runAction()
#9 /var/www/yii-13/framework/web/CController.php(265): SiteController->runActionWithFilters()
#10 /var/www/yii-13/framework/web/CWebApplication.php(282): SiteController->run()
#11 /var/www/yii-13/framework/web/CWebApplication.php(141): CWebApplication->runController()
#12 /var/www/yii-13/framework/base/CApplication.php(169): CWebApplication->processRequest()
#13 /var/www/epp_ragistrar/index.php(14): CWebApplication->run()
REQUEST_URI=/epp_ragistrar/index.php?r=site/index
in /var/www/epp_ragistrar/protected/views/site/index.php (9)
in /var/www/epp_ragistrar/protected/controllers/SiteController.php (32)
in /var/www/epp_ragistrar/index.php (14)
2013/06/24 13:54:02 [error] [php] include(/var/www/epp_ragistrar/protected/components/epp/EPP/Client.php): failed to open stream: No such file or directory (/var/www/yii-13/framework/YiiBase.php:427)
Stack trace:
#0 /var/www/epp_ragistrar/protected/views/site/index.php(9): spl_autoload_call()
#1 /var/www/yii-13/framework/web/CBaseController.php(126): require()
#2 /var/www/yii-13/framework/web/CBaseController.php(95): SiteController->renderInternal()
#3 /var/www/yii-13/framework/web/CController.php(869): SiteController->renderFile()
#4 /var/www/yii-13/framework/web/CController.php(782): SiteController->renderPartial()
#5 /var/www/epp_ragistrar/protected/controllers/SiteController.php(32): SiteController->render()
#6 /var/www/yii-13/framework/web/actions/CInlineAction.php(49): SiteController->actionIndex()
#7 /var/www/yii-13/framework/web/CController.php(308): CInlineAction->runWithParams()
#8 /var/www/yii-13/framework/web/CController.php(286): SiteController->runAction()
#9 /var/www/yii-13/framework/web/CController.php(265): SiteController->runActionWithFilters()
#10 /var/www/yii-13/framework/web/CWebApplication.php(282): SiteController->run()
#11 /var/www/yii-13/framework/web/CWebApplication.php(141): CWebApplication->runController()
#12 /var/www/yii-13/framework/base/CApplication.php(169): CWebApplication->processRequest()
#13 /var/www/epp_ragistrar/index.php(14): CWebApplication->run()
REQUEST_URI=/epp_ragistrar/index.php?r=site/index
in /var/www/epp_ragistrar/protected/views/site/index.php (9)
in /var/www/epp_ragistrar/protected/controllers/SiteController.php (32)
in /var/www/epp_ragistrar/index.php (14)
2013/06/24 13:55:35 [error] [php] include(/var/www/epp_ragistrar/protected/components/epp/EPP/Client.php): failed to open stream: No such file or directory (/var/www/yii-13/framework/YiiBase.php:427)
Stack trace:
#0 /var/www/epp_ragistrar/protected/views/site/index.php(9): spl_autoload_call()
#1 /var/www/yii-13/framework/web/CBaseController.php(126): require()
#2 /var/www/yii-13/framework/web/CBaseController.php(95): SiteController->renderInternal()
#3 /var/www/yii-13/framework/web/CController.php(869): SiteController->renderFile()
#4 /var/www/yii-13/framework/web/CController.php(782): SiteController->renderPartial()
#5 /var/www/epp_ragistrar/protected/controllers/SiteController.php(32): SiteController->render()
#6 /var/www/yii-13/framework/web/actions/CInlineAction.php(49): SiteController->actionIndex()
#7 /var/www/yii-13/framework/web/CController.php(308): CInlineAction->runWithParams()
#8 /var/www/yii-13/framework/web/CController.php(286): SiteController->runAction()
#9 /var/www/yii-13/framework/web/CController.php(265): SiteController->runActionWithFilters()
#10 /var/www/yii-13/framework/web/CWebApplication.php(282): SiteController->run()
#11 /var/www/yii-13/framework/web/CWebApplication.php(141): CWebApplication->runController()
#12 /var/www/yii-13/framework/base/CApplication.php(169): CWebApplication->processRequest()
#13 /var/www/epp_ragistrar/index.php(14): CWebApplication->run()
REQUEST_URI=/epp_ragistrar/index.php?r=site/index
in /var/www/epp_ragistrar/protected/views/site/index.php (9)
in /var/www/epp_ragistrar/protected/controllers/SiteController.php (32)
in /var/www/epp_ragistrar/index.php (14)
2013/06/24 13:56:17 [error] [php] include(Client.php): failed to open stream: No such file or directory (/var/www/yii-13/framework/YiiBase.php:421)
Stack trace:
#0 /var/www/epp_ragistrar/protected/views/site/index.php(9): spl_autoload_call()
#1 /var/www/yii-13/framework/web/CBaseController.php(126): require()
#2 /var/www/yii-13/framework/web/CBaseController.php(95): SiteController->renderInternal()
#3 /var/www/yii-13/framework/web/CController.php(869): SiteController->renderFile()
#4 /var/www/yii-13/framework/web/CController.php(782): SiteController->renderPartial()
#5 /var/www/epp_ragistrar/protected/controllers/SiteController.php(32): SiteController->render()
#6 /var/www/yii-13/framework/web/actions/CInlineAction.php(49): SiteController->actionIndex()
#7 /var/www/yii-13/framework/web/CController.php(308): CInlineAction->runWithParams()
#8 /var/www/yii-13/framework/web/CController.php(286): SiteController->runAction()
#9 /var/www/yii-13/framework/web/CController.php(265): SiteController->runActionWithFilters()
#10 /var/www/yii-13/framework/web/CWebApplication.php(282): SiteController->run()
#11 /var/www/yii-13/framework/web/CWebApplication.php(141): CWebApplication->runController()
#12 /var/www/yii-13/framework/base/CApplication.php(169): CWebApplication->processRequest()
#13 /var/www/epp_ragistrar/index.php(14): CWebApplication->run()
REQUEST_URI=/epp_ragistrar/index.php?r=site/index
in /var/www/epp_ragistrar/protected/views/site/index.php (9)
in /var/www/epp_ragistrar/protected/controllers/SiteController.php (32)
in /var/www/epp_ragistrar/index.php (14)
2013/06/24 13:56:52 [error] [php] include(/var/www/epp_ragistrar/protected/components/epp/Net/Net/EPP/Client.php): failed to open stream: No such file or directory (/var/www/yii-13/framework/YiiBase.php:427)
Stack trace:
#0 /var/www/epp_ragistrar/protected/views/site/index.php(9): spl_autoload_call()
#1 /var/www/yii-13/framework/web/CBaseController.php(126): require()
#2 /var/www/yii-13/framework/web/CBaseController.php(95): SiteController->renderInternal()
#3 /var/www/yii-13/framework/web/CController.php(869): SiteController->renderFile()
#4 /var/www/yii-13/framework/web/CController.php(782): SiteController->renderPartial()
#5 /var/www/epp_ragistrar/protected/controllers/SiteController.php(32): SiteController->render()
#6 /var/www/yii-13/framework/web/actions/CInlineAction.php(49): SiteController->actionIndex()
#7 /var/www/yii-13/framework/web/CController.php(308): CInlineAction->runWithParams()
#8 /var/www/yii-13/framework/web/CController.php(286): SiteController->runAction()
#9 /var/www/yii-13/framework/web/CController.php(265): SiteController->runActionWithFilters()
#10 /var/www/yii-13/framework/web/CWebApplication.php(282): SiteController->run()
#11 /var/www/yii-13/framework/web/CWebApplication.php(141): CWebApplication->runController()
#12 /var/www/yii-13/framework/base/CApplication.php(169): CWebApplication->processRequest()
#13 /var/www/epp_ragistrar/index.php(14): CWebApplication->run()
REQUEST_URI=/epp_ragistrar/index.php?r=site/index
in /var/www/epp_ragistrar/protected/views/site/index.php (9)
in /var/www/epp_ragistrar/protected/controllers/SiteController.php (32)
in /var/www/epp_ragistrar/index.php (14)
2013/06/24 14:13:04 [error] [php] include(Net_EPP_Client.php): failed to open stream: No such file or directory (/var/www/yii-13/framework/YiiBase.php:421)
Stack trace:
#0 /var/www/epp_ragistrar/protected/views/site/index.php(10): spl_autoload_call()
#1 /var/www/yii-13/framework/web/CBaseController.php(126): require()
#2 /var/www/yii-13/framework/web/CBaseController.php(95): SiteController->renderInternal()
#3 /var/www/yii-13/framework/web/CController.php(869): SiteController->renderFile()
#4 /var/www/yii-13/framework/web/CController.php(782): SiteController->renderPartial()
#5 /var/www/epp_ragistrar/protected/controllers/SiteController.php(32): SiteController->render()
#6 /var/www/yii-13/framework/web/actions/CInlineAction.php(49): SiteController->actionIndex()
#7 /var/www/yii-13/framework/web/CController.php(308): CInlineAction->runWithParams()
#8 /var/www/yii-13/framework/web/CController.php(286): SiteController->runAction()
#9 /var/www/yii-13/framework/web/CController.php(265): SiteController->runActionWithFilters()
#10 /var/www/yii-13/framework/web/CWebApplication.php(282): SiteController->run()
#11 /var/www/yii-13/framework/web/CWebApplication.php(141): CWebApplication->runController()
#12 /var/www/yii-13/framework/base/CApplication.php(169): CWebApplication->processRequest()
#13 /var/www/epp_ragistrar/index.php(14): CWebApplication->run()
REQUEST_URI=/epp_ragistrar/index.php?r=site/index
in /var/www/epp_ragistrar/protected/views/site/index.php (10)
in /var/www/epp_ragistrar/protected/controllers/SiteController.php (32)
in /var/www/epp_ragistrar/index.php (14)
2013/06/24 14:23:52 [error] [php] include(Net_EPP_Client.php): failed to open stream: No such file or directory (/var/www/yii-13/framework/YiiBase.php:421)
Stack trace:
#0 /var/www/epp_ragistrar/protected/views/site/index.php(7): spl_autoload_call()
#1 /var/www/yii-13/framework/web/CBaseController.php(126): require()
#2 /var/www/yii-13/framework/web/CBaseController.php(95): SiteController->renderInternal()
#3 /var/www/yii-13/framework/web/CController.php(869): SiteController->renderFile()
#4 /var/www/yii-13/framework/web/CController.php(782): SiteController->renderPartial()
#5 /var/www/epp_ragistrar/protected/controllers/SiteController.php(32): SiteController->render()
#6 /var/www/yii-13/framework/web/actions/CInlineAction.php(49): SiteController->actionIndex()
#7 /var/www/yii-13/framework/web/CController.php(308): CInlineAction->runWithParams()
#8 /var/www/yii-13/framework/web/CController.php(286): SiteController->runAction()
#9 /var/www/yii-13/framework/web/CController.php(265): SiteController->runActionWithFilters()
#10 /var/www/yii-13/framework/web/CWebApplication.php(282): SiteController->run()
#11 /var/www/yii-13/framework/web/CWebApplication.php(141): CWebApplication->runController()
#12 /var/www/yii-13/framework/base/CApplication.php(169): CWebApplication->processRequest()
#13 /var/www/epp_ragistrar/index.php(14): CWebApplication->run()
REQUEST_URI=/epp_ragistrar/index.php?r=site/index
in /var/www/epp_ragistrar/protected/views/site/index.php (7)
in /var/www/epp_ragistrar/protected/controllers/SiteController.php (32)
in /var/www/epp_ragistrar/index.php (14)
2013/06/24 14:24:16 [error] [php] require_once(Net/EPP/Protocol.php): failed to open stream: No such file or directory (/var/www/epp_ragistrar/protected/components/epp/Net/EPP/Client.php:27)
Stack trace:
#0 unknown(0): autoload()
#1 /var/www/epp_ragistrar/protected/views/site/index.php(7): spl_autoload_call()
#2 /var/www/yii-13/framework/web/CBaseController.php(126): require()
#3 /var/www/yii-13/framework/web/CBaseController.php(95): SiteController->renderInternal()
#4 /var/www/yii-13/framework/web/CController.php(869): SiteController->renderFile()
#5 /var/www/yii-13/framework/web/CController.php(782): SiteController->renderPartial()
#6 /var/www/epp_ragistrar/protected/controllers/SiteController.php(32): SiteController->render()
#7 /var/www/yii-13/framework/web/actions/CInlineAction.php(49): SiteController->actionIndex()
#8 /var/www/yii-13/framework/web/CController.php(308): CInlineAction->runWithParams()
#9 /var/www/yii-13/framework/web/CController.php(286): SiteController->runAction()
#10 /var/www/yii-13/framework/web/CController.php(265): SiteController->runActionWithFilters()
#11 /var/www/yii-13/framework/web/CWebApplication.php(282): SiteController->run()
#12 /var/www/yii-13/framework/web/CWebApplication.php(141): CWebApplication->runController()
#13 /var/www/yii-13/framework/base/CApplication.php(169): CWebApplication->processRequest()
#14 /var/www/epp_ragistrar/index.php(14): CWebApplication->run()
REQUEST_URI=/epp_ragistrar/index.php?r=site/index
in /var/www/epp_ragistrar/protected/components/epp/Net/EPP/Client.php (27)
in /var/www/epp_ragistrar/protected/components/epp/Net/EPP/Client.php (27)
in /var/www/epp_ragistrar/protected/views/site/index.php (7)
2013/06/24 14:25:44 [error] [php] require_once(Net/EPP/Protocol.php): failed to open stream: No such file or directory (/var/www/epp_ragistrar/protected/components/epp/Net/EPP/Client.php:27)
Stack trace:
#0 unknown(0): autoload()
#1 /var/www/epp_ragistrar/protected/views/site/index.php(7): spl_autoload_call()
#2 /var/www/yii-13/framework/web/CBaseController.php(126): require()
#3 /var/www/yii-13/framework/web/CBaseController.php(95): SiteController->renderInternal()
#4 /var/www/yii-13/framework/web/CController.php(869): SiteController->renderFile()
#5 /var/www/yii-13/framework/web/CController.php(782): SiteController->renderPartial()
#6 /var/www/epp_ragistrar/protected/controllers/SiteController.php(32): SiteController->render()
#7 /var/www/yii-13/framework/web/actions/CInlineAction.php(49): SiteController->actionIndex()
#8 /var/www/yii-13/framework/web/CController.php(308): CInlineAction->runWithParams()
#9 /var/www/yii-13/framework/web/CController.php(286): SiteController->runAction()
#10 /var/www/yii-13/framework/web/CController.php(265): SiteController->runActionWithFilters()
#11 /var/www/yii-13/framework/web/CWebApplication.php(282): SiteController->run()
#12 /var/www/yii-13/framework/web/CWebApplication.php(141): CWebApplication->runController()
#13 /var/www/yii-13/framework/base/CApplication.php(169): CWebApplication->processRequest()
#14 /var/www/epp_ragistrar/index.php(14): CWebApplication->run()
REQUEST_URI=/epp_ragistrar/index.php?r=site/index
in /var/www/epp_ragistrar/protected/components/epp/Net/EPP/Client.php (27)
in /var/www/epp_ragistrar/protected/components/epp/Net/EPP/Client.php (27)
in /var/www/epp_ragistrar/protected/views/site/index.php (7)
2013/06/24 14:40:00 [error] [php] include(Net_EPP_Client.php): failed to open stream: No such file or directory (/var/www/yii-13/framework/YiiBase.php:421)
Stack trace:
#0 /var/www/epp_ragistrar/protected/views/site/index.php(10): spl_autoload_call()
#1 /var/www/yii-13/framework/web/CBaseController.php(126): require()
#2 /var/www/yii-13/framework/web/CBaseController.php(95): SiteController->renderInternal()
#3 /var/www/yii-13/framework/web/CController.php(869): SiteController->renderFile()
#4 /var/www/yii-13/framework/web/CController.php(782): SiteController->renderPartial()
#5 /var/www/epp_ragistrar/protected/controllers/SiteController.php(32): SiteController->render()
#6 /var/www/yii-13/framework/web/actions/CInlineAction.php(49): SiteController->actionIndex()
#7 /var/www/yii-13/framework/web/CController.php(308): CInlineAction->runWithParams()
#8 /var/www/yii-13/framework/web/CController.php(286): SiteController->runAction()
#9 /var/www/yii-13/framework/web/CController.php(265): SiteController->runActionWithFilters()
#10 /var/www/yii-13/framework/web/CWebApplication.php(282): SiteController->run()
#11 /var/www/yii-13/framework/web/CWebApplication.php(141): CWebApplication->runController()
#12 /var/www/yii-13/framework/base/CApplication.php(169): CWebApplication->processRequest()
#13 /var/www/epp_ragistrar/index.php(14): CWebApplication->run()
REQUEST_URI=/epp_ragistrar/index.php?r=site/index
in /var/www/epp_ragistrar/protected/views/site/index.php (10)
in /var/www/epp_ragistrar/protected/controllers/SiteController.php (32)
in /var/www/epp_ragistrar/index.php (14)
2013/06/24 14:41:28 [error] [php] include(Net_EPP_Client.php): failed to open stream: No such file or directory (/var/www/yii-13/framework/YiiBase.php:421)
Stack trace:
#0 /var/www/epp_ragistrar/protected/views/site/index.php(10): spl_autoload_call()
#1 /var/www/yii-13/framework/web/CBaseController.php(126): require()
#2 /var/www/yii-13/framework/web/CBaseController.php(95): SiteController->renderInternal()
#3 /var/www/yii-13/framework/web/CController.php(869): SiteController->renderFile()
#4 /var/www/yii-13/framework/web/CController.php(782): SiteController->renderPartial()
#5 /var/www/epp_ragistrar/protected/controllers/SiteController.php(32): SiteController->render()
#6 /var/www/yii-13/framework/web/actions/CInlineAction.php(49): SiteController->actionIndex()
#7 /var/www/yii-13/framework/web/CController.php(308): CInlineAction->runWithParams()
#8 /var/www/yii-13/framework/web/CController.php(286): SiteController->runAction()
#9 /var/www/yii-13/framework/web/CController.php(265): SiteController->runActionWithFilters()
#10 /var/www/yii-13/framework/web/CWebApplication.php(282): SiteController->run()
#11 /var/www/yii-13/framework/web/CWebApplication.php(141): CWebApplication->runController()
#12 /var/www/yii-13/framework/base/CApplication.php(169): CWebApplication->processRequest()
#13 /var/www/epp_ragistrar/index.php(14): CWebApplication->run()
REQUEST_URI=/epp_ragistrar/index.php?r=site/index
in /var/www/epp_ragistrar/protected/views/site/index.php (10)
in /var/www/epp_ragistrar/protected/controllers/SiteController.php (32)
in /var/www/epp_ragistrar/index.php (14)
2013/06/24 14:41:33 [error] [php] include(Net_EPP_Client.php): failed to open stream: No such file or directory (/var/www/yii-13/framework/YiiBase.php:421)
Stack trace:
#0 /var/www/epp_ragistrar/protected/views/site/index.php(10): spl_autoload_call()
#1 /var/www/yii-13/framework/web/CBaseController.php(126): require()
#2 /var/www/yii-13/framework/web/CBaseController.php(95): SiteController->renderInternal()
#3 /var/www/yii-13/framework/web/CController.php(869): SiteController->renderFile()
#4 /var/www/yii-13/framework/web/CController.php(782): SiteController->renderPartial()
#5 /var/www/epp_ragistrar/protected/controllers/SiteController.php(32): SiteController->render()
#6 /var/www/yii-13/framework/web/actions/CInlineAction.php(49): SiteController->actionIndex()
#7 /var/www/yii-13/framework/web/CController.php(308): CInlineAction->runWithParams()
#8 /var/www/yii-13/framework/web/CController.php(286): SiteController->runAction()
#9 /var/www/yii-13/framework/web/CController.php(265): SiteController->runActionWithFilters()
#10 /var/www/yii-13/framework/web/CWebApplication.php(282): SiteController->run()
#11 /var/www/yii-13/framework/web/CWebApplication.php(141): CWebApplication->runController()
#12 /var/www/yii-13/framework/base/CApplication.php(169): CWebApplication->processRequest()
#13 /var/www/epp_ragistrar/index.php(14): CWebApplication->run()
REQUEST_URI=/epp_ragistrar/index.php?r=site/index
in /var/www/epp_ragistrar/protected/views/site/index.php (10)
in /var/www/epp_ragistrar/protected/controllers/SiteController.php (32)
in /var/www/epp_ragistrar/index.php (14)
2013/06/24 14:41:34 [error] [php] include(Net_EPP_Client.php): failed to open stream: No such file or directory (/var/www/yii-13/framework/YiiBase.php:421)
Stack trace:
#0 /var/www/epp_ragistrar/protected/views/site/index.php(10): spl_autoload_call()
#1 /var/www/yii-13/framework/web/CBaseController.php(126): require()
#2 /var/www/yii-13/framework/web/CBaseController.php(95): SiteController->renderInternal()
#3 /var/www/yii-13/framework/web/CController.php(869): SiteController->renderFile()
#4 /var/www/yii-13/framework/web/CController.php(782): SiteController->renderPartial()
#5 /var/www/epp_ragistrar/protected/controllers/SiteController.php(32): SiteController->render()
#6 /var/www/yii-13/framework/web/actions/CInlineAction.php(49): SiteController->actionIndex()
#7 /var/www/yii-13/framework/web/CController.php(308): CInlineAction->runWithParams()
#8 /var/www/yii-13/framework/web/CController.php(286): SiteController->runAction()
#9 /var/www/yii-13/framework/web/CController.php(265): SiteController->runActionWithFilters()
#10 /var/www/yii-13/framework/web/CWebApplication.php(282): SiteController->run()
#11 /var/www/yii-13/framework/web/CWebApplication.php(141): CWebApplication->runController()
#12 /var/www/yii-13/framework/base/CApplication.php(169): CWebApplication->processRequest()
#13 /var/www/epp_ragistrar/index.php(14): CWebApplication->run()
REQUEST_URI=/epp_ragistrar/index.php?r=site/index
in /var/www/epp_ragistrar/protected/views/site/index.php (10)
in /var/www/epp_ragistrar/protected/controllers/SiteController.php (32)
in /var/www/epp_ragistrar/index.php (14)
2013/06/24 14:41:34 [error] [php] include(Net_EPP_Client.php): failed to open stream: No such file or directory (/var/www/yii-13/framework/YiiBase.php:421)
Stack trace:
#0 /var/www/epp_ragistrar/protected/views/site/index.php(10): spl_autoload_call()
#1 /var/www/yii-13/framework/web/CBaseController.php(126): require()
#2 /var/www/yii-13/framework/web/CBaseController.php(95): SiteController->renderInternal()
#3 /var/www/yii-13/framework/web/CController.php(869): SiteController->renderFile()
#4 /var/www/yii-13/framework/web/CController.php(782): SiteController->renderPartial()
#5 /var/www/epp_ragistrar/protected/controllers/SiteController.php(32): SiteController->render()
#6 /var/www/yii-13/framework/web/actions/CInlineAction.php(49): SiteController->actionIndex()
#7 /var/www/yii-13/framework/web/CController.php(308): CInlineAction->runWithParams()
#8 /var/www/yii-13/framework/web/CController.php(286): SiteController->runAction()
#9 /var/www/yii-13/framework/web/CController.php(265): SiteController->runActionWithFilters()
#10 /var/www/yii-13/framework/web/CWebApplication.php(282): SiteController->run()
#11 /var/www/yii-13/framework/web/CWebApplication.php(141): CWebApplication->runController()
#12 /var/www/yii-13/framework/base/CApplication.php(169): CWebApplication->processRequest()
#13 /var/www/epp_ragistrar/index.php(14): CWebApplication->run()
REQUEST_URI=/epp_ragistrar/index.php?r=site/index
in /var/www/epp_ragistrar/protected/views/site/index.php (10)
in /var/www/epp_ragistrar/protected/controllers/SiteController.php (32)
in /var/www/epp_ragistrar/index.php (14)
